0 verbose cli C:\Program Files (x86)\nodejs\node.exe C:\Users\harish kumar\AppData\Roaming\npm\node_modules\npm\bin\npm-cli.js
1 info using npm@8.19.1
2 info using node@v16.15.1
3 timing npm:load:whichnode Completed in 4ms
4 timing config:load:defaults Completed in 3ms
5 timing config:load:file:C:\Users\harish kumar\AppData\Roaming\npm\node_modules\npm\npmrc Completed in 3ms
6 timing config:load:builtin Completed in 4ms
7 timing config:load:cli Completed in 3ms
8 timing config:load:env Completed in 1ms
9 timing config:load:file:c:\Users\harish kumar\Desktop\etcPractice\Angular\AngularAuth\server\.npmrc Completed in 1ms
10 timing config:load:project Completed in 8ms
11 timing config:load:file:C:\Users\harish kumar\.npmrc Completed in 1ms
12 timing config:load:user Completed in 1ms
13 timing config:load:file:C:\Users\harish kumar\AppData\Roaming\npm\etc\npmrc Completed in 0ms
14 timing config:load:global Completed in 1ms
15 timing config:load:validate Completed in 0ms
16 timing config:load:credentials Completed in 2ms
17 timing config:load:setEnvs Completed in 1ms
18 timing config:load Completed in 25ms
19 timing npm:load:configload Completed in 25ms
20 timing npm:load:mkdirpcache Completed in 2ms
21 timing npm:load:mkdirplogs Completed in 0ms
22 verbose title npm view type description dist-tags.latest homepage version
23 verbose argv "view" "--json" "type" "description" "dist-tags.latest" "homepage" "version"
24 timing npm:load:setTitle Completed in 4ms
25 timing config:load:flatten Completed in 4ms
26 timing npm:load:display Completed in 5ms
27 verbose logfile logs-max:10 dir:c:\Users\harish kumar\Desktop\etcPractice\Angular\AngularAuth\server\_logs
28 verbose logfile c:\Users\harish kumar\Desktop\etcPractice\Angular\AngularAuth\server\_logs\2022-09-18T18_13_02_814Z-debug-0.log
29 timing npm:load:logFile Completed in 12ms
30 timing npm:load:timers Completed in 0ms
31 timing npm:load:configScope Completed in 0ms
32 timing npm:load Completed in 56ms
33 silly logfile start cleaning logs, removing 2 files
34 silly logfile done cleaning log files
35 http fetch GET 200 https://registry.npmjs.org/type 2264ms (cache miss)
36 timing command:view Completed in 2287ms
37 verbose exit 0
38 timing npm Completed in 4532ms
39 info ok
