0 verbose cli C:\Program Files (x86)\nodejs\node.exe C:\Users\harish kumar\AppData\Roaming\npm\node_modules\npm\bin\npm-cli.js
1 info using npm@8.19.1
2 info using node@v16.15.1
3 timing npm:load:whichnode Completed in 0ms
4 timing config:load:defaults Completed in 2ms
5 timing config:load:file:C:\Users\harish kumar\AppData\Roaming\npm\node_modules\npm\npmrc Completed in 5ms
6 timing config:load:builtin Completed in 5ms
7 timing config:load:cli Completed in 3ms
8 timing config:load:env Completed in 1ms
9 timing config:load:file:C:\Users\harish kumar\Desktop\etcPractice\Angular\AngularAuth\server\.npmrc Completed in 1ms
10 timing config:load:project Completed in 9ms
11 timing config:load:file:C:\Users\harish kumar\.npmrc Completed in 1ms
12 timing config:load:user Completed in 1ms
13 timing config:load:file:C:\Users\harish kumar\AppData\Roaming\npm\etc\npmrc Completed in 1ms
14 timing config:load:global Completed in 1ms
15 timing config:load:validate Completed in 0ms
16 timing config:load:credentials Completed in 1ms
17 timing config:load:setEnvs Completed in 1ms
18 timing config:load Completed in 25ms
19 timing npm:load:configload Completed in 25ms
20 timing npm:load:mkdirpcache Completed in 2ms
21 timing npm:load:mkdirplogs Completed in 0ms
22 verbose title npm install jsonwebtoken
23 verbose argv "install" "jsonwebtoken" "--save"
24 timing npm:load:setTitle Completed in 2ms
25 timing config:load:flatten Completed in 4ms
26 timing npm:load:display Completed in 6ms
27 verbose logfile logs-max:10 dir:C:\Users\harish kumar\Desktop\etcPractice\Angular\AngularAuth\server\_logs
28 verbose logfile C:\Users\harish kumar\Desktop\etcPractice\Angular\AngularAuth\server\_logs\2022-09-14T20_21_42_877Z-debug-0.log
29 timing npm:load:logFile Completed in 13ms
30 timing npm:load:timers Completed in 1ms
31 timing npm:load:configScope Completed in 1ms
32 timing npm:load Completed in 52ms
33 timing arborist:ctor Completed in 1ms
34 silly logfile start cleaning logs, removing 2 files
35 silly logfile done cleaning log files
36 timing idealTree:init Completed in 173ms
37 timing idealTree:userRequests Completed in 2ms
38 silly idealTree buildDeps
39 silly fetch manifest jsonwebtoken@*
40 timing arborist:ctor Completed in 1ms
41 http fetch GET 200 https://registry.npmjs.org/jsonwebtoken 431ms (cache miss)
42 silly placeDep ROOT jsonwebtoken@8.5.1 OK for: server@1.0.0 want: *
43 silly fetch manifest jws@^3.2.2
44 silly fetch manifest lodash.includes@^4.3.0
45 silly fetch manifest lodash.isboolean@^3.0.3
46 silly fetch manifest lodash.isinteger@^4.0.4
47 silly fetch manifest lodash.isnumber@^3.0.3
48 silly fetch manifest lodash.isplainobject@^4.0.6
49 silly fetch manifest lodash.isstring@^4.0.1
50 silly fetch manifest lodash.once@^4.0.0
51 silly fetch manifest ms@^2.1.1
52 silly fetch manifest semver@^5.6.0
53 http fetch GET 200 https://registry.npmjs.org/jws 104ms (cache miss)
54 http fetch GET 200 https://registry.npmjs.org/lodash.includes 198ms (cache miss)
55 http fetch GET 200 https://registry.npmjs.org/lodash.isboolean 494ms (cache miss)
56 http fetch GET 200 https://registry.npmjs.org/lodash.once 496ms (cache miss)
57 http fetch GET 200 https://registry.npmjs.org/lodash.isstring 538ms (cache miss)
58 http fetch GET 200 https://registry.npmjs.org/lodash.isnumber 543ms (cache miss)
59 http fetch GET 200 https://registry.npmjs.org/lodash.isinteger 553ms (cache miss)
60 http fetch GET 200 https://registry.npmjs.org/ms 554ms (cache updated)
61 http fetch GET 200 https://registry.npmjs.org/lodash.isplainobject 572ms (cache miss)
62 http fetch GET 200 https://registry.npmjs.org/semver 601ms (cache miss)
63 timing idealTree:#root Completed in 1064ms
64 silly placeDep ROOT jws@3.2.2 OK for: jsonwebtoken@8.5.1 want: ^3.2.2
65 silly placeDep ROOT lodash.includes@4.3.0 OK for: jsonwebtoken@8.5.1 want: ^4.3.0
66 silly placeDep ROOT lodash.isboolean@3.0.3 OK for: jsonwebtoken@8.5.1 want: ^3.0.3
67 silly placeDep ROOT lodash.isinteger@4.0.4 OK for: jsonwebtoken@8.5.1 want: ^4.0.4
68 silly placeDep ROOT lodash.isnumber@3.0.3 OK for: jsonwebtoken@8.5.1 want: ^3.0.3
69 silly placeDep ROOT lodash.isplainobject@4.0.6 OK for: jsonwebtoken@8.5.1 want: ^4.0.6
70 silly placeDep ROOT lodash.isstring@4.0.1 OK for: jsonwebtoken@8.5.1 want: ^4.0.1
71 silly placeDep ROOT lodash.once@4.1.1 OK for: jsonwebtoken@8.5.1 want: ^4.0.0
72 silly placeDep node_modules/jsonwebtoken ms@2.1.3 OK for: jsonwebtoken@8.5.1 want: ^2.1.1
73 silly placeDep ROOT semver@5.7.1 OK for: jsonwebtoken@8.5.1 want: ^5.6.0
74 silly fetch manifest jwa@^1.4.1
75 http fetch GET 200 https://registry.npmjs.org/jwa 84ms (cache miss)
76 timing idealTree:node_modules/jsonwebtoken Completed in 118ms
77 silly placeDep ROOT jwa@1.4.1 OK for: jws@3.2.2 want: ^1.4.1
78 silly fetch manifest buffer-equal-constant-time@1.0.1
79 silly fetch manifest ecdsa-sig-formatter@1.0.11
80 http fetch GET 200 https://registry.npmjs.org/buffer-equal-constant-time 97ms (cache miss)
81 http fetch GET 200 https://registry.npmjs.org/ecdsa-sig-formatter 123ms (cache miss)
82 timing idealTree:node_modules/jws Completed in 132ms
83 silly placeDep ROOT buffer-equal-constant-time@1.0.1 OK for: jwa@1.4.1 want: 1.0.1
84 silly placeDep ROOT ecdsa-sig-formatter@1.0.11 OK for: jwa@1.4.1 want: 1.0.11
85 timing idealTree:node_modules/jwa Completed in 8ms
86 timing idealTree:node_modules/buffer-equal-constant-time Completed in 1ms
87 timing idealTree:node_modules/ecdsa-sig-formatter Completed in 0ms
88 timing idealTree:node_modules/lodash.includes Completed in 0ms
89 timing idealTree:node_modules/lodash.isboolean Completed in 1ms
90 timing idealTree:node_modules/lodash.isinteger Completed in 1ms
91 timing idealTree:node_modules/lodash.isnumber Completed in 0ms
92 timing idealTree:node_modules/lodash.isplainobject Completed in 0ms
93 timing idealTree:node_modules/lodash.isstring Completed in 0ms
94 timing idealTree:node_modules/lodash.once Completed in 0ms
95 timing idealTree:node_modules/semver Completed in 0ms
96 timing idealTree:node_modules/jsonwebtoken/node_modules/ms Completed in 0ms
97 timing idealTree:buildDeps Completed in 1329ms
98 timing idealTree:fixDepFlags Completed in 5ms
99 timing idealTree Completed in 1524ms
100 timing reify:loadTrees Completed in 1527ms
101 timing reify:diffTrees Completed in 23ms
102 silly reify moves {}
103 timing reify:retireShallow Completed in 4ms
104 timing reify:createSparse Completed in 22ms
105 timing reify:loadBundles Completed in 0ms
106 silly audit bulk request {
106 silly audit   '@types/node': [ '18.7.16' ],
106 silly audit   '@types/webidl-conversions': [ '7.0.0' ],
106 silly audit   '@types/whatwg-url': [ '8.2.2' ],
106 silly audit   accepts: [ '1.3.8' ],
106 silly audit   'array-flatten': [ '1.1.1' ],
106 silly audit   'base64-js': [ '1.5.1' ],
106 silly audit   'body-parser': [ '1.20.0' ],
106 silly audit   bson: [ '4.7.0' ],
106 silly audit   buffer: [ '5.7.1' ],
106 silly audit   bytes: [ '3.1.2' ],
106 silly audit   'call-bind': [ '1.0.2' ],
106 silly audit   'content-disposition': [ '0.5.4' ],
106 silly audit   'content-type': [ '1.0.4' ],
106 silly audit   cookie: [ '0.5.0' ],
106 silly audit   'cookie-signature': [ '1.0.6' ],
106 silly audit   cors: [ '2.8.5' ],
106 silly audit   debug: [ '2.6.9', '4.3.4' ],
106 silly audit   denque: [ '2.1.0' ],
106 silly audit   depd: [ '2.0.0' ],
106 silly audit   destroy: [ '1.2.0' ],
106 silly audit   'ee-first': [ '1.1.1' ],
106 silly audit   encodeurl: [ '1.0.2' ],
106 silly audit   'escape-html': [ '1.0.3' ],
106 silly audit   etag: [ '1.8.1' ],
106 silly audit   express: [ '4.18.1' ],
106 silly audit   finalhandler: [ '1.2.0' ],
106 silly audit   forwarded: [ '0.2.0' ],
106 silly audit   fresh: [ '0.5.2' ],
106 silly audit   'function-bind': [ '1.1.1' ],
106 silly audit   'get-intrinsic': [ '1.1.2' ],
106 silly audit   has: [ '1.0.3' ],
106 silly audit   'has-symbols': [ '1.0.3' ],
106 silly audit   'http-errors': [ '2.0.0' ],
106 silly audit   'iconv-lite': [ '0.4.24' ],
106 silly audit   ieee754: [ '1.2.1' ],
106 silly audit   inherits: [ '2.0.4' ],
106 silly audit   ip: [ '2.0.0' ],
106 silly audit   'ipaddr.js': [ '1.9.1' ],
106 silly audit   kareem: [ '2.4.1' ],
106 silly audit   'media-typer': [ '0.3.0' ],
106 silly audit   'memory-pager': [ '1.5.0' ],
106 silly audit   'merge-descriptors': [ '1.0.1' ],
106 silly audit   methods: [ '1.1.2' ],
106 silly audit   mime: [ '1.6.0' ],
106 silly audit   'mime-db': [ '1.52.0' ],
106 silly audit   'mime-types': [ '2.1.35' ],
106 silly audit   mongodb: [ '4.9.1' ],
106 silly audit   'mongodb-connection-string-url': [ '2.5.3' ],
106 silly audit   mongoose: [ '6.6.0' ],
106 silly audit   ms: [ '2.1.3', '2.1.2', '2.0.0' ],
106 silly audit   mpath: [ '0.9.0' ],
106 silly audit   mquery: [ '4.0.3' ],
106 silly audit   negotiator: [ '0.6.3' ],
106 silly audit   'object-assign': [ '4.1.1' ],
106 silly audit   'object-inspect': [ '1.12.2' ],
106 silly audit   'on-finished': [ '2.4.1' ],
106 silly audit   parseurl: [ '1.3.3' ],
106 silly audit   'path-to-regexp': [ '0.1.7' ],
106 silly audit   'proxy-addr': [ '2.0.7' ],
106 silly audit   punycode: [ '2.1.1' ],
106 silly audit   qs: [ '6.10.3' ],
106 silly audit   'range-parser': [ '1.2.1' ],
106 silly audit   'raw-body': [ '2.5.1' ],
106 silly audit   'safe-buffer': [ '5.2.1' ],
106 silly audit   'safer-buffer': [ '2.1.2' ],
106 silly audit   saslprep: [ '1.0.3' ],
106 silly audit   send: [ '0.18.0' ],
106 silly audit   'serve-static': [ '1.15.0' ],
106 silly audit   setprototypeof: [ '1.2.0' ],
106 silly audit   'side-channel': [ '1.0.4' ],
106 silly audit   sift: [ '16.0.0' ],
106 silly audit   'smart-buffer': [ '4.2.0' ],
106 silly audit   socks: [ '2.7.0' ],
106 silly audit   'sparse-bitfield': [ '3.0.3' ],
106 silly audit   statuses: [ '2.0.1' ],
106 silly audit   toidentifier: [ '1.0.1' ],
106 silly audit   tr46: [ '3.0.0' ],
106 silly audit   'type-is': [ '1.6.18' ],
106 silly audit   unpipe: [ '1.0.0' ],
106 silly audit   'utils-merge': [ '1.0.1' ],
106 silly audit   vary: [ '1.1.2' ],
106 silly audit   'webidl-conversions': [ '7.0.0' ],
106 silly audit   'whatwg-url': [ '11.0.0' ],
106 silly audit   jsonwebtoken: [ '8.5.1' ],
106 silly audit   jws: [ '3.2.2' ],
106 silly audit   'lodash.includes': [ '4.3.0' ],
106 silly audit   'lodash.isboolean': [ '3.0.3' ],
106 silly audit   'lodash.isinteger': [ '4.0.4' ],
106 silly audit   'lodash.isnumber': [ '3.0.3' ],
106 silly audit   'lodash.isplainobject': [ '4.0.6' ],
106 silly audit   'lodash.isstring': [ '4.0.1' ],
106 silly audit   'lodash.once': [ '4.1.1' ],
106 silly audit   semver: [ '5.7.1' ],
106 silly audit   jwa: [ '1.4.1' ],
106 silly audit   'buffer-equal-constant-time': [ '1.0.1' ],
106 silly audit   'ecdsa-sig-formatter': [ '1.0.11' ]
106 silly audit }
107 silly tarball no local data for ecdsa-sig-formatter@https://registry.npmjs.org/ecdsa-sig-formatter/-/ecdsa-sig-formatter-1.0.11.tgz. Extracting by manifest.
108 silly tarball no local data for buffer-equal-constant-time@https://registry.npmjs.org/buffer-equal-constant-time/-/buffer-equal-constant-time-1.0.1.tgz. Extracting by manifest.
109 silly tarball no local data for lodash.once@https://registry.npmjs.org/lodash.once/-/lodash.once-4.1.1.tgz. Extracting by manifest.
110 silly tarball no local data for jwa@https://registry.npmjs.org/jwa/-/jwa-1.4.1.tgz. Extracting by manifest.
111 silly tarball no local data for lodash.isstring@https://registry.npmjs.org/lodash.isstring/-/lodash.isstring-4.0.1.tgz. Extracting by manifest.
112 silly tarball no local data for lodash.isnumber@https://registry.npmjs.org/lodash.isnumber/-/lodash.isnumber-3.0.3.tgz. Extracting by manifest.
113 silly tarball no local data for semver@https://registry.npmjs.org/semver/-/semver-5.7.1.tgz. Extracting by manifest.
114 silly tarball no local data for lodash.isplainobject@https://registry.npmjs.org/lodash.isplainobject/-/lodash.isplainobject-4.0.6.tgz. Extracting by manifest.
115 silly tarball no local data for lodash.isinteger@https://registry.npmjs.org/lodash.isinteger/-/lodash.isinteger-4.0.4.tgz. Extracting by manifest.
116 silly tarball no local data for lodash.isboolean@https://registry.npmjs.org/lodash.isboolean/-/lodash.isboolean-3.0.3.tgz. Extracting by manifest.
117 silly tarball no local data for lodash.includes@https://registry.npmjs.org/lodash.includes/-/lodash.includes-4.3.0.tgz. Extracting by manifest.
118 silly tarball no local data for jws@https://registry.npmjs.org/jws/-/jws-3.2.2.tgz. Extracting by manifest.
119 silly tarball no local data for jsonwebtoken@https://registry.npmjs.org/jsonwebtoken/-/jsonwebtoken-8.5.1.tgz. Extracting by manifest.
120 http fetch POST 200 https://registry.npmjs.org/-/npm/v1/security/advisories/bulk 439ms
121 timing auditReport:getReport Completed in 456ms
122 silly audit report {}
123 timing auditReport:init Completed in 0ms
124 timing reify:audit Completed in 459ms
125 timing reifyNode:node_modules/jsonwebtoken/node_modules/ms Completed in 511ms
126 http fetch GET 200 https://registry.npmjs.org/lodash.once/-/lodash.once-4.1.1.tgz 455ms (cache miss)
127 timing reifyNode:node_modules/lodash.once Completed in 526ms
128 http fetch GET 200 https://registry.npmjs.org/jwa/-/jwa-1.4.1.tgz 457ms (cache miss)
129 timing reifyNode:node_modules/jwa Completed in 532ms
130 http fetch GET 200 https://registry.npmjs.org/lodash.isnumber/-/lodash.isnumber-3.0.3.tgz 457ms (cache miss)
131 timing reifyNode:node_modules/lodash.isnumber Completed in 537ms
132 http fetch GET 200 https://registry.npmjs.org/lodash.isplainobject/-/lodash.isplainobject-4.0.6.tgz 455ms (cache miss)
133 timing reifyNode:node_modules/lodash.isplainobject Completed in 543ms
134 http fetch GET 200 https://registry.npmjs.org/lodash.isstring/-/lodash.isstring-4.0.1.tgz 498ms (cache miss)
135 timing reifyNode:node_modules/lodash.isstring Completed in 576ms
136 http fetch GET 200 https://registry.npmjs.org/lodash.isinteger/-/lodash.isinteger-4.0.4.tgz 490ms (cache miss)
137 timing reifyNode:node_modules/lodash.isinteger Completed in 583ms
138 http fetch GET 200 https://registry.npmjs.org/buffer-equal-constant-time/-/buffer-equal-constant-time-1.0.1.tgz 525ms (cache miss)
139 timing reifyNode:node_modules/buffer-equal-constant-time Completed in 651ms
140 http fetch GET 200 https://registry.npmjs.org/lodash.isboolean/-/lodash.isboolean-3.0.3.tgz 550ms (cache miss)
141 timing reifyNode:node_modules/lodash.isboolean Completed in 649ms
142 http fetch GET 200 https://registry.npmjs.org/ecdsa-sig-formatter/-/ecdsa-sig-formatter-1.0.11.tgz 1510ms (cache miss)
143 timing reifyNode:node_modules/ecdsa-sig-formatter Completed in 1577ms
144 http fetch GET 200 https://registry.npmjs.org/lodash.includes/-/lodash.includes-4.3.0.tgz 1491ms (cache miss)
145 timing reifyNode:node_modules/lodash.includes Completed in 1596ms
146 http fetch GET 200 https://registry.npmjs.org/jws/-/jws-3.2.2.tgz 1508ms (cache miss)
147 timing reifyNode:node_modules/jws Completed in 1623ms
148 http fetch GET 200 https://registry.npmjs.org/semver/-/semver-5.7.1.tgz 1543ms (cache miss)
149 timing reifyNode:node_modules/semver Completed in 1629ms
150 http fetch GET 200 https://registry.npmjs.org/jsonwebtoken/-/jsonwebtoken-8.5.1.tgz 1570ms (cache miss)
151 timing reifyNode:node_modules/jsonwebtoken Completed in 1688ms
152 timing reify:unpack Completed in 1693ms
153 timing reify:unretire Completed in 1ms
154 timing build:queue Completed in 2ms
155 timing build:link:node_modules/semver Completed in 44ms
156 timing build:link Completed in 44ms
157 timing build:deps Completed in 48ms
158 timing build Completed in 48ms
159 timing reify:build Completed in 51ms
160 timing reify:trash Completed in 0ms
161 timing reify:save Completed in 61ms
162 timing reify Completed in 3462ms
163 silly ADD node_modules/ecdsa-sig-formatter
164 silly ADD node_modules/buffer-equal-constant-time
165 silly ADD node_modules/jwa
166 silly ADD node_modules/semver
167 silly ADD node_modules/lodash.once
168 silly ADD node_modules/lodash.isstring
169 silly ADD node_modules/lodash.isplainobject
170 silly ADD node_modules/lodash.isnumber
171 silly ADD node_modules/lodash.isinteger
172 silly ADD node_modules/lodash.isboolean
173 silly ADD node_modules/lodash.includes
174 silly ADD node_modules/jws
175 silly ADD node_modules/jsonwebtoken
176 silly ADD node_modules/jsonwebtoken/node_modules/ms
177 timing command:install Completed in 3480ms
178 verbose exit 0
179 timing npm Completed in 3986ms
180 info ok
