0 verbose cli C:\Program Files (x86)\nodejs\node.exe C:\Users\harish kumar\AppData\Roaming\npm\node_modules\npm\bin\npm-cli.js
1 info using npm@8.19.1
2 info using node@v16.15.1
3 timing npm:load:whichnode Completed in 1ms
4 timing config:load:defaults Completed in 2ms
5 timing config:load:file:C:\Users\harish kumar\AppData\Roaming\npm\node_modules\npm\npmrc Completed in 2ms
6 timing config:load:builtin Completed in 4ms
7 timing config:load:cli Completed in 3ms
8 timing config:load:env Completed in 1ms
9 timing config:load:file:C:\Users\harish kumar\Desktop\etcPractice\Angular\AngularAuth\server\.npmrc Completed in 0ms
10 timing config:load:project Completed in 7ms
11 timing config:load:file:C:\Users\harish kumar\.npmrc Completed in 1ms
12 timing config:load:user Completed in 2ms
13 timing config:load:file:C:\Users\harish kumar\AppData\Roaming\npm\etc\npmrc Completed in 0ms
14 timing config:load:global Completed in 0ms
15 timing config:load:validate Completed in 1ms
16 timing config:load:credentials Completed in 2ms
17 timing config:load:setEnvs Completed in 2ms
18 timing config:load Completed in 24ms
19 timing npm:load:configload Completed in 24ms
20 timing npm:load:mkdirpcache Completed in 1ms
21 timing npm:load:mkdirplogs Completed in 0ms
22 verbose title npm install cors
23 verbose argv "install" "--save" "cors"
24 timing npm:load:setTitle Completed in 3ms
25 timing config:load:flatten Completed in 7ms
26 timing npm:load:display Completed in 9ms
27 verbose logfile logs-max:10 dir:C:\Users\harish kumar\Desktop\etcPractice\Angular\AngularAuth\server\_logs
28 verbose logfile C:\Users\harish kumar\Desktop\etcPractice\Angular\AngularAuth\server\_logs\2022-09-13T14_03_40_667Z-debug-0.log
29 timing npm:load:logFile Completed in 11ms
30 timing npm:load:timers Completed in 0ms
31 timing npm:load:configScope Completed in 0ms
32 timing npm:load Completed in 54ms
33 timing arborist:ctor Completed in 1ms
34 silly logfile start cleaning logs, removing 1 files
35 silly logfile done cleaning log files
36 timing idealTree:init Completed in 260ms
37 timing idealTree:userRequests Completed in 2ms
38 silly idealTree buildDeps
39 silly fetch manifest cors@*
40 timing arborist:ctor Completed in 1ms
41 http fetch GET 200 https://registry.npmjs.org/cors 607ms (cache miss)
42 silly placeDep ROOT cors@2.8.5 OK for: server@1.0.0 want: *
43 silly fetch manifest object-assign@^4
44 http fetch GET 200 https://registry.npmjs.org/object-assign 338ms (cache miss)
45 timing idealTree:#root Completed in 964ms
46 silly placeDep ROOT object-assign@4.1.1 OK for: cors@2.8.5 want: ^4
47 timing idealTree:node_modules/cors Completed in 4ms
48 timing idealTree:node_modules/object-assign Completed in 0ms
49 timing idealTree:buildDeps Completed in 970ms
50 timing idealTree:fixDepFlags Completed in 2ms
51 timing idealTree Completed in 1243ms
52 timing reify:loadTrees Completed in 1245ms
53 timing reify:diffTrees Completed in 216ms
54 silly reify moves {}
55 timing reify:retireShallow Completed in 3ms
56 timing reify:createSparse Completed in 134ms
57 timing reify:loadBundles Completed in 0ms
58 silly audit bulk request {
58 silly audit   '@types/node': [ '18.7.16' ],
58 silly audit   '@types/webidl-conversions': [ '7.0.0' ],
58 silly audit   '@types/whatwg-url': [ '8.2.2' ],
58 silly audit   accepts: [ '1.3.8' ],
58 silly audit   'array-flatten': [ '1.1.1' ],
58 silly audit   'base64-js': [ '1.5.1' ],
58 silly audit   'body-parser': [ '1.20.0' ],
58 silly audit   bson: [ '4.7.0' ],
58 silly audit   buffer: [ '5.7.1' ],
58 silly audit   bytes: [ '3.1.2' ],
58 silly audit   'call-bind': [ '1.0.2' ],
58 silly audit   'content-disposition': [ '0.5.4' ],
58 silly audit   'content-type': [ '1.0.4' ],
58 silly audit   cookie: [ '0.5.0' ],
58 silly audit   'cookie-signature': [ '1.0.6' ],
58 silly audit   debug: [ '2.6.9', '4.3.4' ],
58 silly audit   denque: [ '2.1.0' ],
58 silly audit   depd: [ '2.0.0' ],
58 silly audit   destroy: [ '1.2.0' ],
58 silly audit   'ee-first': [ '1.1.1' ],
58 silly audit   encodeurl: [ '1.0.2' ],
58 silly audit   'escape-html': [ '1.0.3' ],
58 silly audit   etag: [ '1.8.1' ],
58 silly audit   express: [ '4.18.1' ],
58 silly audit   finalhandler: [ '1.2.0' ],
58 silly audit   forwarded: [ '0.2.0' ],
58 silly audit   fresh: [ '0.5.2' ],
58 silly audit   'function-bind': [ '1.1.1' ],
58 silly audit   'get-intrinsic': [ '1.1.2' ],
58 silly audit   has: [ '1.0.3' ],
58 silly audit   'has-symbols': [ '1.0.3' ],
58 silly audit   'http-errors': [ '2.0.0' ],
58 silly audit   'iconv-lite': [ '0.4.24' ],
58 silly audit   ieee754: [ '1.2.1' ],
58 silly audit   inherits: [ '2.0.4' ],
58 silly audit   ip: [ '2.0.0' ],
58 silly audit   'ipaddr.js': [ '1.9.1' ],
58 silly audit   kareem: [ '2.4.1' ],
58 silly audit   'media-typer': [ '0.3.0' ],
58 silly audit   'memory-pager': [ '1.5.0' ],
58 silly audit   'merge-descriptors': [ '1.0.1' ],
58 silly audit   methods: [ '1.1.2' ],
58 silly audit   mime: [ '1.6.0' ],
58 silly audit   'mime-db': [ '1.52.0' ],
58 silly audit   'mime-types': [ '2.1.35' ],
58 silly audit   mongodb: [ '4.9.1' ],
58 silly audit   'mongodb-connection-string-url': [ '2.5.3' ],
58 silly audit   mongoose: [ '6.6.0' ],
58 silly audit   ms: [ '2.1.3', '2.1.2', '2.0.0' ],
58 silly audit   mpath: [ '0.9.0' ],
58 silly audit   mquery: [ '4.0.3' ],
58 silly audit   negotiator: [ '0.6.3' ],
58 silly audit   'object-inspect': [ '1.12.2' ],
58 silly audit   'on-finished': [ '2.4.1' ],
58 silly audit   parseurl: [ '1.3.3' ],
58 silly audit   'path-to-regexp': [ '0.1.7' ],
58 silly audit   'proxy-addr': [ '2.0.7' ],
58 silly audit   punycode: [ '2.1.1' ],
58 silly audit   qs: [ '6.10.3' ],
58 silly audit   'range-parser': [ '1.2.1' ],
58 silly audit   'raw-body': [ '2.5.1' ],
58 silly audit   'safe-buffer': [ '5.2.1' ],
58 silly audit   'safer-buffer': [ '2.1.2' ],
58 silly audit   saslprep: [ '1.0.3' ],
58 silly audit   send: [ '0.18.0' ],
58 silly audit   'serve-static': [ '1.15.0' ],
58 silly audit   setprototypeof: [ '1.2.0' ],
58 silly audit   'side-channel': [ '1.0.4' ],
58 silly audit   sift: [ '16.0.0' ],
58 silly audit   'smart-buffer': [ '4.2.0' ],
58 silly audit   socks: [ '2.7.0' ],
58 silly audit   'sparse-bitfield': [ '3.0.3' ],
58 silly audit   statuses: [ '2.0.1' ],
58 silly audit   toidentifier: [ '1.0.1' ],
58 silly audit   tr46: [ '3.0.0' ],
58 silly audit   'type-is': [ '1.6.18' ],
58 silly audit   unpipe: [ '1.0.0' ],
58 silly audit   'utils-merge': [ '1.0.1' ],
58 silly audit   vary: [ '1.1.2' ],
58 silly audit   'webidl-conversions': [ '7.0.0' ],
58 silly audit   'whatwg-url': [ '11.0.0' ],
58 silly audit   cors: [ '2.8.5' ],
58 silly audit   'object-assign': [ '4.1.1' ]
58 silly audit }
59 silly tarball no local data for cors@https://registry.npmjs.org/cors/-/cors-2.8.5.tgz. Extracting by manifest.
60 silly tarball no local data for object-assign@https://registry.npmjs.org/object-assign/-/object-assign-4.1.1.tgz. Extracting by manifest.
61 http fetch POST 200 https://registry.npmjs.org/-/npm/v1/security/advisories/bulk 373ms
62 timing auditReport:getReport Completed in 381ms
63 silly audit report {}
64 timing auditReport:init Completed in 0ms
65 timing reify:audit Completed in 386ms
66 http fetch GET 200 https://registry.npmjs.org/object-assign/-/object-assign-4.1.1.tgz 228ms (cache miss)
67 timing reifyNode:node_modules/object-assign Completed in 470ms
68 http fetch GET 200 https://registry.npmjs.org/cors/-/cors-2.8.5.tgz 247ms (cache miss)
69 timing reifyNode:node_modules/cors Completed in 477ms
70 timing reify:unpack Completed in 478ms
71 timing reify:unretire Completed in 0ms
72 timing build:queue Completed in 2ms
73 timing build:deps Completed in 3ms
74 timing build Completed in 4ms
75 timing reify:build Completed in 5ms
76 timing reify:trash Completed in 0ms
77 timing reify:save Completed in 75ms
78 timing reify Completed in 2256ms
79 silly ADD node_modules/object-assign
80 silly ADD node_modules/cors
81 timing command:install Completed in 2306ms
82 verbose exit 0
83 timing npm Completed in 3246ms
84 info ok
