0 verbose cli C:\Program Files (x86)\nodejs\node.exe C:\Users\harish kumar\AppData\Roaming\npm\node_modules\npm\bin\npm-cli.js
1 info using npm@8.19.1
2 info using node@v16.15.1
3 timing npm:load:whichnode Completed in 1ms
4 timing config:load:defaults Completed in 2ms
5 timing config:load:file:C:\Users\harish kumar\AppData\Roaming\npm\node_modules\npm\npmrc Completed in 2ms
6 timing config:load:builtin Completed in 3ms
7 timing config:load:cli Completed in 3ms
8 timing config:load:env Completed in 1ms
9 timing config:load:file:C:\Users\harish kumar\Desktop\etcPractice\Angular\AngularAuth\server\.npmrc Completed in 1ms
10 timing config:load:project Completed in 8ms
11 timing config:load:file:C:\Users\harish kumar\.npmrc Completed in 1ms
12 timing config:load:user Completed in 1ms
13 timing config:load:file:C:\Users\harish kumar\AppData\Roaming\npm\etc\npmrc Completed in 0ms
14 timing config:load:global Completed in 0ms
15 timing config:load:validate Completed in 1ms
16 timing config:load:credentials Completed in 2ms
17 timing config:load:setEnvs Completed in 1ms
18 timing config:load Completed in 23ms
19 timing npm:load:configload Completed in 23ms
20 timing npm:load:mkdirpcache Completed in 1ms
21 timing npm:load:mkdirplogs Completed in 0ms
22 verbose title npm install cors
23 verbose argv "install" "--save" "cors"
24 timing npm:load:setTitle Completed in 2ms
25 timing config:load:flatten Completed in 4ms
26 timing npm:load:display Completed in 8ms
27 verbose logfile logs-max:10 dir:C:\Users\harish kumar\Desktop\etcPractice\Angular\AngularAuth\server\_logs
28 verbose logfile C:\Users\harish kumar\Desktop\etcPractice\Angular\AngularAuth\server\_logs\2022-09-13T14_04_54_908Z-debug-0.log
29 timing npm:load:logFile Completed in 12ms
30 timing npm:load:timers Completed in 0ms
31 timing npm:load:configScope Completed in 0ms
32 timing npm:load Completed in 48ms
33 timing arborist:ctor Completed in 1ms
34 silly logfile start cleaning logs, removing 2 files
35 silly logfile done cleaning log files
36 timing idealTree:init Completed in 154ms
37 timing idealTree:userRequests Completed in 2ms
38 silly idealTree buildDeps
39 silly fetch manifest cors@^2.8.5
40 timing arborist:ctor Completed in 1ms
41 http fetch GET 200 https://registry.npmjs.org/cors 116ms (cache hit)
42 silly placeDep ROOT cors@2.8.5 REPLACE for: server@1.0.0 want: ^2.8.5
43 timing idealTree:#root Completed in 133ms
44 timing idealTree:node_modules/cors Completed in 0ms
45 timing idealTree:buildDeps Completed in 135ms
46 timing idealTree:fixDepFlags Completed in 2ms
47 timing idealTree Completed in 296ms
48 timing reify:loadTrees Completed in 300ms
49 timing reify:diffTrees Completed in 10ms
50 silly reify moves {}
51 timing reify:retireShallow Completed in 1ms
52 timing reify:createSparse Completed in 0ms
53 timing reify:loadBundles Completed in 0ms
54 silly audit bulk request {
54 silly audit   '@types/node': [ '18.7.16' ],
54 silly audit   '@types/webidl-conversions': [ '7.0.0' ],
54 silly audit   '@types/whatwg-url': [ '8.2.2' ],
54 silly audit   accepts: [ '1.3.8' ],
54 silly audit   'array-flatten': [ '1.1.1' ],
54 silly audit   'base64-js': [ '1.5.1' ],
54 silly audit   'body-parser': [ '1.20.0' ],
54 silly audit   bson: [ '4.7.0' ],
54 silly audit   buffer: [ '5.7.1' ],
54 silly audit   bytes: [ '3.1.2' ],
54 silly audit   'call-bind': [ '1.0.2' ],
54 silly audit   'content-disposition': [ '0.5.4' ],
54 silly audit   'content-type': [ '1.0.4' ],
54 silly audit   cookie: [ '0.5.0' ],
54 silly audit   'cookie-signature': [ '1.0.6' ],
54 silly audit   debug: [ '2.6.9', '4.3.4' ],
54 silly audit   denque: [ '2.1.0' ],
54 silly audit   depd: [ '2.0.0' ],
54 silly audit   destroy: [ '1.2.0' ],
54 silly audit   'ee-first': [ '1.1.1' ],
54 silly audit   encodeurl: [ '1.0.2' ],
54 silly audit   'escape-html': [ '1.0.3' ],
54 silly audit   etag: [ '1.8.1' ],
54 silly audit   express: [ '4.18.1' ],
54 silly audit   finalhandler: [ '1.2.0' ],
54 silly audit   forwarded: [ '0.2.0' ],
54 silly audit   fresh: [ '0.5.2' ],
54 silly audit   'function-bind': [ '1.1.1' ],
54 silly audit   'get-intrinsic': [ '1.1.2' ],
54 silly audit   has: [ '1.0.3' ],
54 silly audit   'has-symbols': [ '1.0.3' ],
54 silly audit   'http-errors': [ '2.0.0' ],
54 silly audit   'iconv-lite': [ '0.4.24' ],
54 silly audit   ieee754: [ '1.2.1' ],
54 silly audit   inherits: [ '2.0.4' ],
54 silly audit   ip: [ '2.0.0' ],
54 silly audit   'ipaddr.js': [ '1.9.1' ],
54 silly audit   kareem: [ '2.4.1' ],
54 silly audit   'media-typer': [ '0.3.0' ],
54 silly audit   'memory-pager': [ '1.5.0' ],
54 silly audit   'merge-descriptors': [ '1.0.1' ],
54 silly audit   methods: [ '1.1.2' ],
54 silly audit   mime: [ '1.6.0' ],
54 silly audit   'mime-db': [ '1.52.0' ],
54 silly audit   'mime-types': [ '2.1.35' ],
54 silly audit   mongodb: [ '4.9.1' ],
54 silly audit   'mongodb-connection-string-url': [ '2.5.3' ],
54 silly audit   mongoose: [ '6.6.0' ],
54 silly audit   ms: [ '2.1.3', '2.1.2', '2.0.0' ],
54 silly audit   mpath: [ '0.9.0' ],
54 silly audit   mquery: [ '4.0.3' ],
54 silly audit   negotiator: [ '0.6.3' ],
54 silly audit   'object-assign': [ '4.1.1' ],
54 silly audit   'object-inspect': [ '1.12.2' ],
54 silly audit   'on-finished': [ '2.4.1' ],
54 silly audit   parseurl: [ '1.3.3' ],
54 silly audit   'path-to-regexp': [ '0.1.7' ],
54 silly audit   'proxy-addr': [ '2.0.7' ],
54 silly audit   punycode: [ '2.1.1' ],
54 silly audit   qs: [ '6.10.3' ],
54 silly audit   'range-parser': [ '1.2.1' ],
54 silly audit   'raw-body': [ '2.5.1' ],
54 silly audit   'safe-buffer': [ '5.2.1' ],
54 silly audit   'safer-buffer': [ '2.1.2' ],
54 silly audit   saslprep: [ '1.0.3' ],
54 silly audit   send: [ '0.18.0' ],
54 silly audit   'serve-static': [ '1.15.0' ],
54 silly audit   setprototypeof: [ '1.2.0' ],
54 silly audit   'side-channel': [ '1.0.4' ],
54 silly audit   sift: [ '16.0.0' ],
54 silly audit   'smart-buffer': [ '4.2.0' ],
54 silly audit   socks: [ '2.7.0' ],
54 silly audit   'sparse-bitfield': [ '3.0.3' ],
54 silly audit   statuses: [ '2.0.1' ],
54 silly audit   toidentifier: [ '1.0.1' ],
54 silly audit   tr46: [ '3.0.0' ],
54 silly audit   'type-is': [ '1.6.18' ],
54 silly audit   unpipe: [ '1.0.0' ],
54 silly audit   'utils-merge': [ '1.0.1' ],
54 silly audit   vary: [ '1.1.2' ],
54 silly audit   'webidl-conversions': [ '7.0.0' ],
54 silly audit   'whatwg-url': [ '11.0.0' ],
54 silly audit   cors: [ '2.8.5' ]
54 silly audit }
55 timing reify:unpack Completed in 2ms
56 timing reify:unretire Completed in 0ms
57 timing build:queue Completed in 0ms
58 timing build:deps Completed in 1ms
59 timing build Completed in 1ms
60 timing reify:build Completed in 2ms
61 timing reify:trash Completed in 0ms
62 timing reify:save Completed in 43ms
63 http fetch POST 200 https://registry.npmjs.org/-/npm/v1/security/advisories/bulk 614ms
64 timing auditReport:getReport Completed in 623ms
65 silly audit report {}
66 timing auditReport:init Completed in 0ms
67 timing reify:audit Completed in 625ms
68 timing reify Completed in 969ms
69 timing command:install Completed in 1006ms
70 verbose exit 0
71 timing npm Completed in 1382ms
72 info ok
