0 verbose cli C:\Program Files (x86)\nodejs\node.exe C:\Users\harish kumar\AppData\Roaming\npm\node_modules\npm\bin\npm-cli.js
1 info using npm@8.19.1
2 info using node@v16.15.1
3 timing npm:load:whichnode Completed in 1ms
4 timing config:load:defaults Completed in 2ms
5 timing config:load:file:C:\Users\harish kumar\AppData\Roaming\npm\node_modules\npm\npmrc Completed in 4ms
6 timing config:load:builtin Completed in 6ms
7 timing config:load:cli Completed in 2ms
8 timing config:load:env Completed in 1ms
9 timing config:load:file:C:\Users\harish kumar\Desktop\etcPractice\Angular\AngularAuth\server\.npmrc Completed in 1ms
10 timing config:load:project Completed in 8ms
11 timing config:load:file:C:\Users\harish kumar\.npmrc Completed in 1ms
12 timing config:load:user Completed in 1ms
13 timing config:load:file:C:\Users\harish kumar\AppData\Roaming\npm\etc\npmrc Completed in 1ms
14 timing config:load:global Completed in 1ms
15 timing config:load:validate Completed in 1ms
16 timing config:load:credentials Completed in 1ms
17 timing config:load:setEnvs Completed in 1ms
18 timing config:load Completed in 24ms
19 timing npm:load:configload Completed in 24ms
20 timing npm:load:mkdirpcache Completed in 2ms
21 timing npm:load:mkdirplogs Completed in 1ms
22 verbose title npm i nodemon
23 verbose argv "i" "nodemon"
24 timing npm:load:setTitle Completed in 2ms
25 timing config:load:flatten Completed in 5ms
26 timing npm:load:display Completed in 7ms
27 verbose logfile logs-max:10 dir:C:\Users\harish kumar\Desktop\etcPractice\Angular\AngularAuth\server\_logs
28 verbose logfile C:\Users\harish kumar\Desktop\etcPractice\Angular\AngularAuth\server\_logs\2022-09-17T12_59_51_106Z-debug-0.log
29 timing npm:load:logFile Completed in 12ms
30 timing npm:load:timers Completed in 0ms
31 timing npm:load:configScope Completed in 0ms
32 timing npm:load Completed in 50ms
33 timing arborist:ctor Completed in 0ms
34 silly logfile start cleaning logs, removing 2 files
35 silly logfile done cleaning log files
36 timing idealTree:init Completed in 173ms
37 timing idealTree:userRequests Completed in 2ms
38 silly idealTree buildDeps
39 silly fetch manifest nodemon@*
40 timing arborist:ctor Completed in 0ms
41 http fetch GET 200 https://registry.npmjs.org/nodemon 482ms (cache miss)
42 silly placeDep ROOT nodemon@2.0.20 OK for: server@1.0.0 want: *
43 silly fetch manifest chokidar@^3.5.2
44 silly fetch manifest debug@^3.2.7
45 silly fetch manifest ignore-by-default@^1.0.1
46 silly fetch manifest minimatch@^3.1.2
47 silly fetch manifest pstree.remy@^1.1.8
48 silly fetch manifest simple-update-notifier@^1.0.7
49 silly fetch manifest supports-color@^5.5.0
50 silly fetch manifest touch@^3.1.0
51 silly fetch manifest undefsafe@^2.0.5
52 http fetch GET 200 https://registry.npmjs.org/chokidar 119ms (cache miss)
53 http fetch GET 200 https://registry.npmjs.org/debug 286ms (cache revalidated)
54 http fetch GET 200 https://registry.npmjs.org/touch 335ms (cache miss)
55 http fetch GET 200 https://registry.npmjs.org/simple-update-notifier 369ms (cache miss)
56 http fetch GET 200 https://registry.npmjs.org/pstree.remy 386ms (cache miss)
57 http fetch GET 200 https://registry.npmjs.org/ignore-by-default 441ms (cache miss)
58 http fetch GET 200 https://registry.npmjs.org/undefsafe 483ms (cache miss)
59 http fetch GET 200 https://registry.npmjs.org/minimatch 507ms (cache miss)
60 http fetch GET 200 https://registry.npmjs.org/supports-color 512ms (cache miss)
61 timing idealTree:#root Completed in 1037ms
62 silly placeDep ROOT chokidar@3.5.3 OK for: nodemon@2.0.20 want: ^3.5.2
63 silly placeDep node_modules/nodemon debug@3.2.7 OK for: nodemon@2.0.20 want: ^3.2.7
64 silly placeDep ROOT ignore-by-default@1.0.1 OK for: nodemon@2.0.20 want: ^1.0.1
65 silly placeDep ROOT minimatch@3.1.2 OK for: nodemon@2.0.20 want: ^3.1.2
66 silly placeDep ROOT pstree.remy@1.1.8 OK for: nodemon@2.0.20 want: ^1.1.8
67 silly placeDep ROOT simple-update-notifier@1.0.7 OK for: nodemon@2.0.20 want: ^1.0.7
68 silly placeDep ROOT supports-color@5.5.0 OK for: nodemon@2.0.20 want: ^5.5.0
69 silly placeDep ROOT touch@3.1.0 OK for: nodemon@2.0.20 want: ^3.1.0
70 silly placeDep ROOT undefsafe@2.0.5 OK for: nodemon@2.0.20 want: ^2.0.5
71 silly fetch manifest anymatch@~3.1.2
72 silly fetch manifest braces@~3.0.2
73 silly fetch manifest glob-parent@~5.1.2
74 silly fetch manifest is-binary-path@~2.1.0
75 silly fetch manifest is-glob@~4.0.1
76 silly fetch manifest normalize-path@~3.0.0
77 silly fetch manifest readdirp@~3.6.0
78 silly fetch manifest fsevents@~2.3.2
79 silly fetch manifest ms@^2.1.1
80 silly fetch manifest brace-expansion@^1.1.7
81 silly fetch manifest semver@~7.0.0
82 silly fetch manifest has-flag@^3.0.0
83 silly fetch manifest nopt@~1.0.10
84 http fetch GET 200 https://registry.npmjs.org/is-binary-path 340ms (cache miss)
85 http fetch GET 200 https://registry.npmjs.org/is-glob 407ms (cache miss)
86 http fetch GET 200 https://registry.npmjs.org/normalize-path 433ms (cache miss)
87 http fetch GET 200 https://registry.npmjs.org/semver 431ms (cache revalidated)
88 http fetch GET 200 https://registry.npmjs.org/has-flag 452ms (cache miss)
89 http fetch GET 200 https://registry.npmjs.org/ms 483ms (cache revalidated)
90 http fetch GET 200 https://registry.npmjs.org/braces 499ms (cache miss)
91 http fetch GET 200 https://registry.npmjs.org/anymatch 508ms (cache miss)
92 http fetch GET 200 https://registry.npmjs.org/brace-expansion 539ms (cache miss)
93 http fetch GET 200 https://registry.npmjs.org/glob-parent 550ms (cache miss)
94 http fetch GET 200 https://registry.npmjs.org/readdirp 552ms (cache miss)
95 http fetch GET 200 https://registry.npmjs.org/nopt 553ms (cache miss)
96 http fetch GET 200 https://registry.npmjs.org/fsevents 598ms (cache miss)
97 timing idealTree:node_modules/nodemon Completed in 661ms
98 silly placeDep ROOT anymatch@3.1.2 OK for: chokidar@3.5.3 want: ~3.1.2
99 silly placeDep ROOT braces@3.0.2 OK for: chokidar@3.5.3 want: ~3.0.2
100 silly placeDep ROOT fsevents@2.3.2 OK for: chokidar@3.5.3 want: ~2.3.2
101 silly placeDep ROOT glob-parent@5.1.2 OK for: chokidar@3.5.3 want: ~5.1.2
102 silly placeDep ROOT is-binary-path@2.1.0 OK for: chokidar@3.5.3 want: ~2.1.0
103 silly placeDep ROOT is-glob@4.0.3 OK for: chokidar@3.5.3 want: ~4.0.1
104 silly placeDep ROOT normalize-path@3.0.0 OK for: chokidar@3.5.3 want: ~3.0.0
105 silly placeDep ROOT readdirp@3.6.0 OK for: chokidar@3.5.3 want: ~3.6.0
106 silly fetch manifest picomatch@^2.0.4
107 silly fetch manifest fill-range@^7.0.1
108 silly fetch manifest binary-extensions@^2.0.0
109 silly fetch manifest is-extglob@^2.1.1
110 silly fetch manifest picomatch@^2.2.1
111 http fetch GET 200 https://registry.npmjs.org/fill-range 104ms (cache miss)
112 http fetch GET 200 https://registry.npmjs.org/picomatch 122ms (cache miss)
113 http fetch GET 200 https://registry.npmjs.org/is-extglob 119ms (cache miss)
114 http fetch GET 200 https://registry.npmjs.org/picomatch 129ms (cache miss)
115 http fetch GET 200 https://registry.npmjs.org/binary-extensions 143ms (cache miss)
116 timing idealTree:node_modules/chokidar Completed in 176ms
117 silly placeDep ROOT picomatch@2.3.1 OK for: anymatch@3.1.2 want: ^2.0.4
118 timing idealTree:node_modules/anymatch Completed in 4ms
119 silly placeDep ROOT fill-range@7.0.1 OK for: braces@3.0.2 want: ^7.0.1
120 silly fetch manifest to-regex-range@^5.0.1
121 http fetch GET 200 https://registry.npmjs.org/to-regex-range 129ms (cache miss)
122 timing idealTree:node_modules/braces Completed in 133ms
123 silly placeDep ROOT to-regex-range@5.0.1 OK for: fill-range@7.0.1 want: ^5.0.1
124 silly fetch manifest is-number@^7.0.0
125 http fetch GET 200 https://registry.npmjs.org/is-number 120ms (cache miss)
126 timing idealTree:node_modules/fill-range Completed in 127ms
127 timing idealTree:node_modules/fsevents Completed in 1ms
128 timing idealTree:node_modules/glob-parent Completed in 0ms
129 timing idealTree:node_modules/ignore-by-default Completed in 0ms
130 silly placeDep ROOT binary-extensions@2.2.0 OK for: is-binary-path@2.1.0 want: ^2.0.0
131 timing idealTree:node_modules/is-binary-path Completed in 3ms
132 timing idealTree:node_modules/binary-extensions Completed in 0ms
133 silly placeDep ROOT is-extglob@2.1.1 OK for: is-glob@4.0.3 want: ^2.1.1
134 timing idealTree:node_modules/is-glob Completed in 2ms
135 timing idealTree:node_modules/is-extglob Completed in 0ms
136 silly placeDep ROOT brace-expansion@1.1.11 OK for: minimatch@3.1.2 want: ^1.1.7
137 silly fetch manifest balanced-match@^1.0.0
138 silly fetch manifest concat-map@0.0.1
139 http fetch GET 200 https://registry.npmjs.org/balanced-match 76ms (cache miss)
140 http fetch GET 200 https://registry.npmjs.org/concat-map 122ms (cache miss)
141 timing idealTree:node_modules/minimatch Completed in 128ms
142 silly placeDep ROOT balanced-match@1.0.2 OK for: brace-expansion@1.1.11 want: ^1.0.0
143 silly placeDep ROOT concat-map@0.0.1 OK for: brace-expansion@1.1.11 want: 0.0.1
144 timing idealTree:node_modules/brace-expansion Completed in 6ms
145 timing idealTree:node_modules/balanced-match Completed in 0ms
146 timing idealTree:node_modules/concat-map Completed in 0ms
147 timing idealTree:node_modules/normalize-path Completed in 0ms
148 timing idealTree:node_modules/picomatch Completed in 0ms
149 timing idealTree:node_modules/pstree.remy Completed in 0ms
150 timing idealTree:node_modules/readdirp Completed in 0ms
151 silly placeDep node_modules/simple-update-notifier semver@7.0.0 OK for: simple-update-notifier@1.0.7 want: ~7.0.0
152 timing idealTree:node_modules/simple-update-notifier Completed in 6ms
153 silly placeDep ROOT has-flag@3.0.0 OK for: supports-color@5.5.0 want: ^3.0.0
154 timing idealTree:node_modules/supports-color Completed in 2ms
155 timing idealTree:node_modules/has-flag Completed in 0ms
156 silly placeDep ROOT is-number@7.0.0 OK for: to-regex-range@5.0.1 want: ^7.0.0
157 timing idealTree:node_modules/to-regex-range Completed in 2ms
158 timing idealTree:node_modules/is-number Completed in 0ms
159 silly placeDep ROOT nopt@1.0.10 OK for: touch@3.1.0 want: ~1.0.10
160 silly fetch manifest abbrev@1
161 http fetch GET 200 https://registry.npmjs.org/abbrev 60ms (cache miss)
162 timing idealTree:node_modules/touch Completed in 67ms
163 silly placeDep ROOT abbrev@1.1.1 OK for: nopt@1.0.10 want: 1
164 timing idealTree:node_modules/nopt Completed in 4ms
165 timing idealTree:node_modules/abbrev Completed in 0ms
166 timing idealTree:node_modules/undefsafe Completed in 0ms
167 silly placeDep node_modules/nodemon ms@2.1.3 OK for: debug@3.2.7 want: ^2.1.1
168 timing idealTree:node_modules/nodemon/node_modules/debug Completed in 3ms
169 timing idealTree:node_modules/nodemon/node_modules/ms Completed in 0ms
170 timing idealTree:node_modules/simple-update-notifier/node_modules/semver Completed in 0ms
171 timing idealTree:buildDeps Completed in 2382ms
172 timing idealTree:fixDepFlags Completed in 4ms
173 timing idealTree Completed in 2567ms
174 timing reify:loadTrees Completed in 2569ms
175 timing reify:diffTrees Completed in 11ms
176 silly reify moves {}
177 timing reify:retireShallow Completed in 1ms
178 timing reify:createSparse Completed in 31ms
179 timing reify:loadBundles Completed in 0ms
180 silly audit bulk request {
180 silly audit   '@types/node': [ '18.7.16' ],
180 silly audit   '@types/webidl-conversions': [ '7.0.0' ],
180 silly audit   '@types/whatwg-url': [ '8.2.2' ],
180 silly audit   accepts: [ '1.3.8' ],
180 silly audit   'array-flatten': [ '1.1.1' ],
180 silly audit   'base64-js': [ '1.5.1' ],
180 silly audit   'body-parser': [ '1.20.0' ],
180 silly audit   bson: [ '4.7.0' ],
180 silly audit   buffer: [ '5.7.1' ],
180 silly audit   'buffer-equal-constant-time': [ '1.0.1' ],
180 silly audit   bytes: [ '3.1.2' ],
180 silly audit   'call-bind': [ '1.0.2' ],
180 silly audit   'content-disposition': [ '0.5.4' ],
180 silly audit   'content-type': [ '1.0.4' ],
180 silly audit   cookie: [ '0.5.0' ],
180 silly audit   'cookie-signature': [ '1.0.6' ],
180 silly audit   cors: [ '2.8.5' ],
180 silly audit   debug: [ '2.6.9', '4.3.4', '3.2.7' ],
180 silly audit   denque: [ '2.1.0' ],
180 silly audit   depd: [ '2.0.0' ],
180 silly audit   destroy: [ '1.2.0' ],
180 silly audit   'ecdsa-sig-formatter': [ '1.0.11' ],
180 silly audit   'ee-first': [ '1.1.1' ],
180 silly audit   encodeurl: [ '1.0.2' ],
180 silly audit   'escape-html': [ '1.0.3' ],
180 silly audit   etag: [ '1.8.1' ],
180 silly audit   express: [ '4.18.1' ],
180 silly audit   finalhandler: [ '1.2.0' ],
180 silly audit   forwarded: [ '0.2.0' ],
180 silly audit   fresh: [ '0.5.2' ],
180 silly audit   'function-bind': [ '1.1.1' ],
180 silly audit   'get-intrinsic': [ '1.1.2' ],
180 silly audit   has: [ '1.0.3' ],
180 silly audit   'has-symbols': [ '1.0.3' ],
180 silly audit   'http-errors': [ '2.0.0' ],
180 silly audit   'iconv-lite': [ '0.4.24' ],
180 silly audit   ieee754: [ '1.2.1' ],
180 silly audit   inherits: [ '2.0.4' ],
180 silly audit   ip: [ '2.0.0' ],
180 silly audit   'ipaddr.js': [ '1.9.1' ],
180 silly audit   jsonwebtoken: [ '8.5.1' ],
180 silly audit   ms: [ '2.1.3', '2.1.2', '2.0.0' ],
180 silly audit   jwa: [ '1.4.1' ],
180 silly audit   jws: [ '3.2.2' ],
180 silly audit   kareem: [ '2.4.1' ],
180 silly audit   'lodash.includes': [ '4.3.0' ],
180 silly audit   'lodash.isboolean': [ '3.0.3' ],
180 silly audit   'lodash.isinteger': [ '4.0.4' ],
180 silly audit   'lodash.isnumber': [ '3.0.3' ],
180 silly audit   'lodash.isplainobject': [ '4.0.6' ],
180 silly audit   'lodash.isstring': [ '4.0.1' ],
180 silly audit   'lodash.once': [ '4.1.1' ],
180 silly audit   'media-typer': [ '0.3.0' ],
180 silly audit   'memory-pager': [ '1.5.0' ],
180 silly audit   'merge-descriptors': [ '1.0.1' ],
180 silly audit   methods: [ '1.1.2' ],
180 silly audit   mime: [ '1.6.0' ],
180 silly audit   'mime-db': [ '1.52.0' ],
180 silly audit   'mime-types': [ '2.1.35' ],
180 silly audit   mongodb: [ '4.9.1' ],
180 silly audit   'mongodb-connection-string-url': [ '2.5.3' ],
180 silly audit   mongoose: [ '6.6.0' ],
180 silly audit   mpath: [ '0.9.0' ],
180 silly audit   mquery: [ '4.0.3' ],
180 silly audit   negotiator: [ '0.6.3' ],
180 silly audit   'object-assign': [ '4.1.1' ],
180 silly audit   'object-inspect': [ '1.12.2' ],
180 silly audit   'on-finished': [ '2.4.1' ],
180 silly audit   parseurl: [ '1.3.3' ],
180 silly audit   'path-to-regexp': [ '0.1.7' ],
180 silly audit   'proxy-addr': [ '2.0.7' ],
180 silly audit   punycode: [ '2.1.1' ],
180 silly audit   qs: [ '6.10.3' ],
180 silly audit   'range-parser': [ '1.2.1' ],
180 silly audit   'raw-body': [ '2.5.1' ],
180 silly audit   'safe-buffer': [ '5.2.1' ],
180 silly audit   'safer-buffer': [ '2.1.2' ],
180 silly audit   saslprep: [ '1.0.3' ],
180 silly audit   semver: [ '5.7.1', '7.0.0' ],
180 silly audit   send: [ '0.18.0' ],
180 silly audit   'serve-static': [ '1.15.0' ],
180 silly audit   setprototypeof: [ '1.2.0' ],
180 silly audit   'side-channel': [ '1.0.4' ],
180 silly audit   sift: [ '16.0.0' ],
180 silly audit   'smart-buffer': [ '4.2.0' ],
180 silly audit   socks: [ '2.7.0' ],
180 silly audit   'sparse-bitfield': [ '3.0.3' ],
180 silly audit   statuses: [ '2.0.1' ],
180 silly audit   toidentifier: [ '1.0.1' ],
180 silly audit   tr46: [ '3.0.0' ],
180 silly audit   'type-is': [ '1.6.18' ],
180 silly audit   unpipe: [ '1.0.0' ],
180 silly audit   'utils-merge': [ '1.0.1' ],
180 silly audit   vary: [ '1.1.2' ],
180 silly audit   'webidl-conversions': [ '7.0.0' ],
180 silly audit   'whatwg-url': [ '11.0.0' ],
180 silly audit   nodemon: [ '2.0.20' ],
180 silly audit   chokidar: [ '3.5.3' ],
180 silly audit   'ignore-by-default': [ '1.0.1' ],
180 silly audit   minimatch: [ '3.1.2' ],
180 silly audit   'pstree.remy': [ '1.1.8' ],
180 silly audit   'simple-update-notifier': [ '1.0.7' ],
180 silly audit   'supports-color': [ '5.5.0' ],
180 silly audit   touch: [ '3.1.0' ],
180 silly audit   undefsafe: [ '2.0.5' ],
180 silly audit   anymatch: [ '3.1.2' ],
180 silly audit   braces: [ '3.0.2' ],
180 silly audit   fsevents: [ '2.3.2' ],
180 silly audit   'glob-parent': [ '5.1.2' ],
180 silly audit   'is-binary-path': [ '2.1.0' ],
180 silly audit   'is-glob': [ '4.0.3' ],
180 silly audit   'normalize-path': [ '3.0.0' ],
180 silly audit   readdirp: [ '3.6.0' ],
180 silly audit   picomatch: [ '2.3.1' ],
180 silly audit   'fill-range': [ '7.0.1' ],
180 silly audit   'to-regex-range': [ '5.0.1' ],
180 silly audit   'binary-extensions': [ '2.2.0' ],
180 silly audit   'is-extglob': [ '2.1.1' ],
180 silly audit   'brace-expansion': [ '1.1.11' ],
180 silly audit   'balanced-match': [ '1.0.2' ],
180 silly audit   'concat-map': [ '0.0.1' ],
180 silly audit   'has-flag': [ '3.0.0' ],
180 silly audit   'is-number': [ '7.0.0' ],
180 silly audit   nopt: [ '1.0.10' ],
180 silly audit   abbrev: [ '1.1.1' ]
180 silly audit }
181 verbose reify failed optional dependency C:\Users\harish kumar\Desktop\etcPractice\Angular\AngularAuth\server\node_modules\fsevents
182 silly reify mark deleted [
182 silly reify   'C:\\Users\\harish kumar\\Desktop\\etcPractice\\Angular\\AngularAuth\\server\\node_modules\\fsevents'
182 silly reify ]
183 timing reifyNode:node_modules/fsevents Completed in 21ms
184 silly tarball no local data for abbrev@https://registry.npmjs.org/abbrev/-/abbrev-1.1.1.tgz. Extracting by manifest.
185 silly tarball no local data for nopt@https://registry.npmjs.org/nopt/-/nopt-1.0.10.tgz. Extracting by manifest.
186 silly tarball no local data for is-number@https://registry.npmjs.org/is-number/-/is-number-7.0.0.tgz. Extracting by manifest.
187 silly tarball no local data for has-flag@https://registry.npmjs.org/has-flag/-/has-flag-3.0.0.tgz. Extracting by manifest.
188 silly tarball no local data for balanced-match@https://registry.npmjs.org/balanced-match/-/balanced-match-1.0.2.tgz. Extracting by manifest.
189 silly tarball no local data for concat-map@https://registry.npmjs.org/concat-map/-/concat-map-0.0.1.tgz. Extracting by manifest.
190 silly tarball no local data for brace-expansion@https://registry.npmjs.org/brace-expansion/-/brace-expansion-1.1.11.tgz. Extracting by manifest.
191 silly tarball no local data for is-extglob@https://registry.npmjs.org/is-extglob/-/is-extglob-2.1.1.tgz. Extracting by manifest.
192 silly tarball no local data for to-regex-range@https://registry.npmjs.org/to-regex-range/-/to-regex-range-5.0.1.tgz. Extracting by manifest.
193 silly tarball no local data for binary-extensions@https://registry.npmjs.org/binary-extensions/-/binary-extensions-2.2.0.tgz. Extracting by manifest.
194 silly tarball no local data for normalize-path@https://registry.npmjs.org/normalize-path/-/normalize-path-3.0.0.tgz. Extracting by manifest.
195 silly tarball no local data for fill-range@https://registry.npmjs.org/fill-range/-/fill-range-7.0.1.tgz. Extracting by manifest.
196 silly tarball no local data for readdirp@https://registry.npmjs.org/readdirp/-/readdirp-3.6.0.tgz. Extracting by manifest.
197 silly tarball no local data for glob-parent@https://registry.npmjs.org/glob-parent/-/glob-parent-5.1.2.tgz. Extracting by manifest.
198 silly tarball no local data for picomatch@https://registry.npmjs.org/picomatch/-/picomatch-2.3.1.tgz. Extracting by manifest.
199 silly tarball no local data for is-glob@https://registry.npmjs.org/is-glob/-/is-glob-4.0.3.tgz. Extracting by manifest.
200 silly tarball no local data for anymatch@https://registry.npmjs.org/anymatch/-/anymatch-3.1.2.tgz. Extracting by manifest.
201 silly tarball no local data for braces@https://registry.npmjs.org/braces/-/braces-3.0.2.tgz. Extracting by manifest.
202 silly tarball no local data for is-binary-path@https://registry.npmjs.org/is-binary-path/-/is-binary-path-2.1.0.tgz. Extracting by manifest.
203 silly tarball no local data for undefsafe@https://registry.npmjs.org/undefsafe/-/undefsafe-2.0.5.tgz. Extracting by manifest.
204 silly tarball no local data for supports-color@https://registry.npmjs.org/supports-color/-/supports-color-5.5.0.tgz. Extracting by manifest.
205 silly tarball no local data for touch@https://registry.npmjs.org/touch/-/touch-3.1.0.tgz. Extracting by manifest.
206 silly tarball no local data for simple-update-notifier@https://registry.npmjs.org/simple-update-notifier/-/simple-update-notifier-1.0.7.tgz. Extracting by manifest.
207 silly tarball no local data for minimatch@https://registry.npmjs.org/minimatch/-/minimatch-3.1.2.tgz. Extracting by manifest.
208 silly tarball no local data for pstree.remy@https://registry.npmjs.org/pstree.remy/-/pstree.remy-1.1.8.tgz. Extracting by manifest.
209 silly tarball no local data for ignore-by-default@https://registry.npmjs.org/ignore-by-default/-/ignore-by-default-1.0.1.tgz. Extracting by manifest.
210 silly tarball no local data for semver@https://registry.npmjs.org/semver/-/semver-7.0.0.tgz. Extracting by manifest.
211 silly tarball no local data for debug@https://registry.npmjs.org/debug/-/debug-3.2.7.tgz. Extracting by manifest.
212 silly tarball no local data for nodemon@https://registry.npmjs.org/nodemon/-/nodemon-2.0.20.tgz. Extracting by manifest.
213 silly tarball no local data for chokidar@https://registry.npmjs.org/chokidar/-/chokidar-3.5.3.tgz. Extracting by manifest.
214 http fetch POST 200 https://registry.npmjs.org/-/npm/v1/security/advisories/bulk 517ms
215 timing auditReport:getReport Completed in 529ms
216 silly audit report {}
217 timing auditReport:init Completed in 0ms
218 timing reify:audit Completed in 530ms
219 http fetch GET 200 https://registry.npmjs.org/has-flag/-/has-flag-3.0.0.tgz 892ms (cache miss)
220 http fetch GET 200 https://registry.npmjs.org/is-extglob/-/is-extglob-2.1.1.tgz 886ms (cache miss)
221 http fetch GET 200 https://registry.npmjs.org/concat-map/-/concat-map-0.0.1.tgz 890ms (cache miss)
222 http fetch GET 200 https://registry.npmjs.org/binary-extensions/-/binary-extensions-2.2.0.tgz 880ms (cache miss)
223 timing reifyNode:node_modules/has-flag Completed in 970ms
224 timing reifyNode:node_modules/nodemon/node_modules/ms Completed in 995ms
225 http fetch GET 200 https://registry.npmjs.org/abbrev/-/abbrev-1.1.1.tgz 954ms (cache miss)
226 timing reifyNode:node_modules/abbrev Completed in 1017ms
227 http fetch GET 200 https://registry.npmjs.org/to-regex-range/-/to-regex-range-5.0.1.tgz 939ms (cache miss)
228 http fetch GET 200 https://registry.npmjs.org/is-glob/-/is-glob-4.0.3.tgz 916ms (cache miss)
229 timing reifyNode:node_modules/to-regex-range Completed in 1029ms
230 timing reifyNode:node_modules/is-extglob Completed in 1034ms
231 timing reifyNode:node_modules/is-glob Completed in 1043ms
232 http fetch GET 200 https://registry.npmjs.org/is-binary-path/-/is-binary-path-2.1.0.tgz 929ms (cache miss)
233 http fetch GET 200 https://registry.npmjs.org/ignore-by-default/-/ignore-by-default-1.0.1.tgz 959ms (cache miss)
234 http fetch GET 200 https://registry.npmjs.org/normalize-path/-/normalize-path-3.0.0.tgz 1032ms (cache miss)
235 timing reifyNode:node_modules/normalize-path Completed in 1124ms
236 http fetch GET 200 https://registry.npmjs.org/brace-expansion/-/brace-expansion-1.1.11.tgz 1062ms (cache miss)
237 timing reifyNode:node_modules/brace-expansion Completed in 1173ms
238 timing reifyNode:node_modules/ignore-by-default Completed in 1170ms
239 http fetch GET 200 https://registry.npmjs.org/balanced-match/-/balanced-match-1.0.2.tgz 1216ms (cache miss)
240 http fetch GET 200 https://registry.npmjs.org/anymatch/-/anymatch-3.1.2.tgz 1187ms (cache miss)
241 timing reifyNode:node_modules/anymatch Completed in 1375ms
242 http fetch GET 200 https://registry.npmjs.org/glob-parent/-/glob-parent-5.1.2.tgz 1331ms (cache miss)
243 http fetch GET 200 https://registry.npmjs.org/is-number/-/is-number-7.0.0.tgz 1360ms (cache miss)
244 timing reifyNode:node_modules/is-number Completed in 1427ms
245 timing reifyNode:node_modules/balanced-match Completed in 1430ms
246 timing reifyNode:node_modules/is-binary-path Completed in 1428ms
247 http fetch GET 200 https://registry.npmjs.org/supports-color/-/supports-color-5.5.0.tgz 1315ms (cache miss)
248 timing reifyNode:node_modules/supports-color Completed in 1434ms
249 http fetch GET 200 https://registry.npmjs.org/minimatch/-/minimatch-3.1.2.tgz 1313ms (cache miss)
250 timing reifyNode:node_modules/minimatch Completed in 1438ms
251 timing reifyNode:node_modules/glob-parent Completed in 1444ms
252 http fetch GET 200 https://registry.npmjs.org/fill-range/-/fill-range-7.0.1.tgz 1398ms (cache miss)
253 timing reifyNode:node_modules/fill-range Completed in 1486ms
254 http fetch GET 200 https://registry.npmjs.org/touch/-/touch-3.1.0.tgz 1365ms (cache miss)
255 http fetch GET 200 https://registry.npmjs.org/readdirp/-/readdirp-3.6.0.tgz 1447ms (cache miss)
256 timing reifyNode:node_modules/binary-extensions Completed in 1539ms
257 timing reifyNode:node_modules/touch Completed in 1536ms
258 timing reifyNode:node_modules/readdirp Completed in 1541ms
259 http fetch GET 200 https://registry.npmjs.org/nopt/-/nopt-1.0.10.tgz 1483ms (cache miss)
260 timing reifyNode:node_modules/concat-map Completed in 1550ms
261 timing reifyNode:node_modules/nopt Completed in 1559ms
262 http fetch GET 200 https://registry.npmjs.org/undefsafe/-/undefsafe-2.0.5.tgz 1486ms (cache miss)
263 timing reifyNode:node_modules/undefsafe Completed in 1634ms
264 http fetch GET 200 https://registry.npmjs.org/pstree.remy/-/pstree.remy-1.1.8.tgz 1525ms (cache miss)
265 http fetch GET 200 https://registry.npmjs.org/braces/-/braces-3.0.2.tgz 1548ms (cache miss)
266 http fetch GET 200 https://registry.npmjs.org/chokidar/-/chokidar-3.5.3.tgz 1557ms (cache miss)
267 timing reifyNode:node_modules/braces Completed in 1707ms
268 timing reifyNode:node_modules/pstree.remy Completed in 1706ms
269 http fetch GET 200 https://registry.npmjs.org/picomatch/-/picomatch-2.3.1.tgz 1606ms (cache miss)
270 timing reifyNode:node_modules/picomatch Completed in 1711ms
271 timing reifyNode:node_modules/chokidar Completed in 1764ms
272 http fetch GET 200 https://registry.npmjs.org/debug/-/debug-3.2.7.tgz 1695ms (cache miss)
273 timing reifyNode:node_modules/nodemon/node_modules/debug Completed in 1832ms
274 http fetch GET 200 https://registry.npmjs.org/simple-update-notifier/-/simple-update-notifier-1.0.7.tgz 1733ms (cache miss)
275 timing reifyNode:node_modules/simple-update-notifier Completed in 1866ms
276 http fetch GET 200 https://registry.npmjs.org/semver/-/semver-7.0.0.tgz 2384ms (cache miss)
277 timing reifyNode:node_modules/simple-update-notifier/node_modules/semver Completed in 2520ms
278 http fetch GET 200 https://registry.npmjs.org/nodemon/-/nodemon-2.0.20.tgz 2445ms (cache miss)
279 timing reifyNode:node_modules/nodemon Completed in 2604ms
280 timing reify:unpack Completed in 2612ms
281 timing reify:unretire Completed in 0ms
282 timing build:queue Completed in 9ms
283 timing build:link:node_modules/nodemon Completed in 80ms
284 timing build:link:node_modules/simple-update-notifier/node_modules/semver Completed in 126ms
285 timing build:link:node_modules/nopt Completed in 134ms
286 timing build:link:node_modules/touch Completed in 133ms
287 timing build:link Completed in 136ms
288 timing build:deps Completed in 146ms
289 timing build Completed in 146ms
290 timing reify:build Completed in 148ms
291 timing reify:trash Completed in 32ms
292 timing reify:save Completed in 133ms
293 timing reify Completed in 5637ms
294 silly ADD node_modules/abbrev
295 silly ADD node_modules/nopt
296 silly ADD node_modules/is-number
297 silly ADD node_modules/has-flag
298 silly ADD node_modules/concat-map
299 silly ADD node_modules/balanced-match
300 silly ADD node_modules/brace-expansion
301 silly ADD node_modules/is-extglob
302 silly ADD node_modules/binary-extensions
303 silly ADD node_modules/to-regex-range
304 silly ADD node_modules/fill-range
305 silly ADD node_modules/picomatch
306 silly ADD node_modules/readdirp
307 silly ADD node_modules/normalize-path
308 silly ADD node_modules/is-glob
309 silly ADD node_modules/is-binary-path
310 silly ADD node_modules/glob-parent
311 silly ADD
312 silly ADD node_modules/braces
313 silly ADD node_modules/anymatch
314 silly ADD node_modules/undefsafe
315 silly ADD node_modules/touch
316 silly ADD node_modules/supports-color
317 silly ADD node_modules/simple-update-notifier
318 silly ADD node_modules/simple-update-notifier/node_modules/semver
319 silly ADD node_modules/pstree.remy
320 silly ADD node_modules/minimatch
321 silly ADD node_modules/ignore-by-default
322 silly ADD node_modules/chokidar
323 silly ADD node_modules/nodemon
324 silly ADD node_modules/nodemon/node_modules/ms
325 silly ADD node_modules/nodemon/node_modules/debug
326 timing command:i Completed in 5655ms
327 verbose exit 0
328 timing npm Completed in 6538ms
329 info ok
